2014/03/18 14:07:33 [error] [php] getimagesize(): Filename cannot be empty (/Applications/MAMP/htdocs/carambar_03/protected/extensions/easyimage/drivers/Image.php:96)
Stack trace:
#0 /Applications/MAMP/htdocs/carambar_03/protected/extensions/easyimage/drivers/Image.php(53): Image_GD->__construct()
#1 /Applications/MAMP/htdocs/carambar_03/protected/extensions/easyimage/EasyImage.php(71): factory()
#2 /Applications/MAMP/htdocs/carambar_03/protected/models/NodeAR.php(391): EasyImage->__construct()
#3 /Applications/MAMP/htdocs/carambar_03/protected/models/NodeAR.php(468): NodeAR->makeImageThumbnail()
#4 /Applications/MAMP/htdocs/carambar_03/protected/controllers/UploadsController.php(40): NodeAR->makeVideoThumbnail()
#5 /Applications/MAMP/htdocs/carambar_03/yii/framework/web/CController.php(270): UploadsController->missingAction()
#6 /Applications/MAMP/htdocs/carambar_03/yii/framework/web/CWebApplication.php(282): UploadsController->run()
#7 /Applications/MAMP/htdocs/carambar_03/yii/framework/web/CWebApplication.php(141): CWebApplication->runController()
#8 /Applications/MAMP/htdocs/carambar_03/yii/framework/base/CApplication.php(180): CWebApplication->processRequest()
#9 /Applications/MAMP/htdocs/carambar_03/index.php(30): CWebApplication->run()
REQUEST_URI=/carambar_03//uploads/2014/3/16/video13_224_115.jpg
in /Applications/MAMP/htdocs/carambar_03/protected/extensions/easyimage/drivers/Image.php (96)
in /Applications/MAMP/htdocs/carambar_03/protected/extensions/easyimage/drivers/Image_GD.php (82)
in /Applications/MAMP/htdocs/carambar_03/protected/extensions/easyimage/drivers/Image.php (53)
2014/03/18 14:07:41 [error] [php] Trying to get property of non-object (/Applications/MAMP/htdocs/carambar_03/protected/models/SettingAR.php:33)
Stack trace:
#0 /Applications/MAMP/htdocs/carambar_03/yii/framework/web/CController.php(308): CInlineAction->runWithParams()
#1 /Applications/MAMP/htdocs/carambar_03/yii/framework/web/CController.php(286): SettingController->runAction()
#2 /Applications/MAMP/htdocs/carambar_03/yii/framework/web/CController.php(265): SettingController->runActionWithFilters()
#3 /Applications/MAMP/htdocs/carambar_03/yii/framework/web/CWebApplication.php(282): SettingController->run()
#4 /Applications/MAMP/htdocs/carambar_03/yii/framework/web/CWebApplication.php(141): CWebApplication->runController()
#5 /Applications/MAMP/htdocs/carambar_03/yii/framework/base/CApplication.php(180): CWebApplication->processRequest()
#6 /Applications/MAMP/htdocs/carambar_03/index.php(30): CWebApplication->run()
REQUEST_URI=/carambar_03/index.php/setting/countdown?_=1395122853581
in /Applications/MAMP/htdocs/carambar_03/protected/models/SettingAR.php (33)
in /Applications/MAMP/htdocs/carambar_03/protected/controllers/SettingController.php (82)
in /Applications/MAMP/htdocs/carambar_03/index.php (30)
2014/03/18 14:07:41 [error] [php] getimagesize(): Filename cannot be empty (/Applications/MAMP/htdocs/carambar_03/protected/extensions/easyimage/drivers/Image.php:96)
Stack trace:
#0 /Applications/MAMP/htdocs/carambar_03/protected/extensions/easyimage/drivers/Image.php(53): Image_GD->__construct()
#1 /Applications/MAMP/htdocs/carambar_03/protected/extensions/easyimage/EasyImage.php(71): factory()
#2 /Applications/MAMP/htdocs/carambar_03/protected/models/NodeAR.php(391): EasyImage->__construct()
#3 /Applications/MAMP/htdocs/carambar_03/protected/models/NodeAR.php(468): NodeAR->makeImageThumbnail()
#4 /Applications/MAMP/htdocs/carambar_03/protected/controllers/UploadsController.php(40): NodeAR->makeVideoThumbnail()
#5 /Applications/MAMP/htdocs/carambar_03/yii/framework/web/CController.php(270): UploadsController->missingAction()
#6 /Applications/MAMP/htdocs/carambar_03/yii/framework/web/CWebApplication.php(282): UploadsController->run()
#7 /Applications/MAMP/htdocs/carambar_03/yii/framework/web/CWebApplication.php(141): CWebApplication->runController()
#8 /Applications/MAMP/htdocs/carambar_03/yii/framework/base/CApplication.php(180): CWebApplication->processRequest()
#9 /Applications/MAMP/htdocs/carambar_03/index.php(30): CWebApplication->run()
REQUEST_URI=/carambar_03//uploads/2014/3/16/video13_224_115.jpg?1395122853642
in /Applications/MAMP/htdocs/carambar_03/protected/extensions/easyimage/drivers/Image.php (96)
in /Applications/MAMP/htdocs/carambar_03/protected/extensions/easyimage/drivers/Image_GD.php (82)
in /Applications/MAMP/htdocs/carambar_03/protected/extensions/easyimage/drivers/Image.php (53)
2014/03/18 14:35:51 [error] [php] getimagesize(): Filename cannot be empty (/Applications/MAMP/htdocs/carambar_03/protected/extensions/easyimage/drivers/Image.php:96)
Stack trace:
#0 /Applications/MAMP/htdocs/carambar_03/protected/extensions/easyimage/drivers/Image.php(53): Image_GD->__construct()
#1 /Applications/MAMP/htdocs/carambar_03/protected/extensions/easyimage/EasyImage.php(71): factory()
#2 /Applications/MAMP/htdocs/carambar_03/protected/models/NodeAR.php(391): EasyImage->__construct()
#3 /Applications/MAMP/htdocs/carambar_03/protected/models/NodeAR.php(468): NodeAR->makeImageThumbnail()
#4 /Applications/MAMP/htdocs/carambar_03/protected/controllers/UploadsController.php(40): NodeAR->makeVideoThumbnail()
#5 /Applications/MAMP/htdocs/carambar_03/yii/framework/web/CController.php(270): UploadsController->missingAction()
#6 /Applications/MAMP/htdocs/carambar_03/yii/framework/web/CWebApplication.php(282): UploadsController->run()
#7 /Applications/MAMP/htdocs/carambar_03/yii/framework/web/CWebApplication.php(141): CWebApplication->runController()
#8 /Applications/MAMP/htdocs/carambar_03/yii/framework/base/CApplication.php(180): CWebApplication->processRequest()
#9 /Applications/MAMP/htdocs/carambar_03/index.php(30): CWebApplication->run()
REQUEST_URI=/carambar_03//uploads/2014/3/16/video13_224_115.jpg
in /Applications/MAMP/htdocs/carambar_03/protected/extensions/easyimage/drivers/Image.php (96)
in /Applications/MAMP/htdocs/carambar_03/protected/extensions/easyimage/drivers/Image_GD.php (82)
in /Applications/MAMP/htdocs/carambar_03/protected/extensions/easyimage/drivers/Image.php (53)
2014/03/18 14:35:52 [error] [php] Trying to get property of non-object (/Applications/MAMP/htdocs/carambar_03/protected/models/SettingAR.php:33)
Stack trace:
#0 /Applications/MAMP/htdocs/carambar_03/yii/framework/web/CController.php(308): CInlineAction->runWithParams()
#1 /Applications/MAMP/htdocs/carambar_03/yii/framework/web/CController.php(286): SettingController->runAction()
#2 /Applications/MAMP/htdocs/carambar_03/yii/framework/web/CController.php(265): SettingController->runActionWithFilters()
#3 /Applications/MAMP/htdocs/carambar_03/yii/framework/web/CWebApplication.php(282): SettingController->run()
#4 /Applications/MAMP/htdocs/carambar_03/yii/framework/web/CWebApplication.php(141): CWebApplication->runController()
#5 /Applications/MAMP/htdocs/carambar_03/yii/framework/base/CApplication.php(180): CWebApplication->processRequest()
#6 /Applications/MAMP/htdocs/carambar_03/index.php(30): CWebApplication->run()
REQUEST_URI=/carambar_03/index.php/setting/countdown?_=1395124551883
in /Applications/MAMP/htdocs/carambar_03/protected/models/SettingAR.php (33)
in /Applications/MAMP/htdocs/carambar_03/protected/controllers/SettingController.php (82)
in /Applications/MAMP/htdocs/carambar_03/index.php (30)
2014/03/18 14:36:02 [error] [php] getimagesize(): Filename cannot be empty (/Applications/MAMP/htdocs/carambar_03/protected/extensions/easyimage/drivers/Image.php:96)
Stack trace:
#0 /Applications/MAMP/htdocs/carambar_03/protected/extensions/easyimage/drivers/Image.php(53): Image_GD->__construct()
#1 /Applications/MAMP/htdocs/carambar_03/protected/extensions/easyimage/EasyImage.php(71): factory()
#2 /Applications/MAMP/htdocs/carambar_03/protected/models/NodeAR.php(391): EasyImage->__construct()
#3 /Applications/MAMP/htdocs/carambar_03/protected/models/NodeAR.php(468): NodeAR->makeImageThumbnail()
#4 /Applications/MAMP/htdocs/carambar_03/protected/controllers/UploadsController.php(40): NodeAR->makeVideoThumbnail()
#5 /Applications/MAMP/htdocs/carambar_03/yii/framework/web/CController.php(270): UploadsController->missingAction()
#6 /Applications/MAMP/htdocs/carambar_03/yii/framework/web/CWebApplication.php(282): UploadsController->run()
#7 /Applications/MAMP/htdocs/carambar_03/yii/framework/web/CWebApplication.php(141): CWebApplication->runController()
#8 /Applications/MAMP/htdocs/carambar_03/yii/framework/base/CApplication.php(180): CWebApplication->processRequest()
#9 /Applications/MAMP/htdocs/carambar_03/index.php(30): CWebApplication->run()
REQUEST_URI=/carambar_03//uploads/2014/3/16/video13_224_115.jpg?1395124551947
in /Applications/MAMP/htdocs/carambar_03/protected/extensions/easyimage/drivers/Image.php (96)
in /Applications/MAMP/htdocs/carambar_03/protected/extensions/easyimage/drivers/Image_GD.php (82)
in /Applications/MAMP/htdocs/carambar_03/protected/extensions/easyimage/drivers/Image.php (53)
2014/03/18 14:36:48 [error] [php] getimagesize(): Filename cannot be empty (/Applications/MAMP/htdocs/carambar_03/protected/extensions/easyimage/drivers/Image.php:96)
Stack trace:
#0 /Applications/MAMP/htdocs/carambar_03/protected/extensions/easyimage/drivers/Image.php(53): Image_GD->__construct()
#1 /Applications/MAMP/htdocs/carambar_03/protected/extensions/easyimage/EasyImage.php(71): factory()
#2 /Applications/MAMP/htdocs/carambar_03/protected/models/NodeAR.php(391): EasyImage->__construct()
#3 /Applications/MAMP/htdocs/carambar_03/protected/models/NodeAR.php(468): NodeAR->makeImageThumbnail()
#4 /Applications/MAMP/htdocs/carambar_03/protected/controllers/UploadsController.php(40): NodeAR->makeVideoThumbnail()
#5 /Applications/MAMP/htdocs/carambar_03/yii/framework/web/CController.php(270): UploadsController->missingAction()
#6 /Applications/MAMP/htdocs/carambar_03/yii/framework/web/CWebApplication.php(282): UploadsController->run()
#7 /Applications/MAMP/htdocs/carambar_03/yii/framework/web/CWebApplication.php(141): CWebApplication->runController()
#8 /Applications/MAMP/htdocs/carambar_03/yii/framework/base/CApplication.php(180): CWebApplication->processRequest()
#9 /Applications/MAMP/htdocs/carambar_03/index.php(30): CWebApplication->run()
REQUEST_URI=/carambar_03//uploads/2014/3/16/video13_224_115.jpg
in /Applications/MAMP/htdocs/carambar_03/protected/extensions/easyimage/drivers/Image.php (96)
in /Applications/MAMP/htdocs/carambar_03/protected/extensions/easyimage/drivers/Image_GD.php (82)
in /Applications/MAMP/htdocs/carambar_03/protected/extensions/easyimage/drivers/Image.php (53)
2014/03/18 14:36:59 [error] [php] getimagesize(): Filename cannot be empty (/Applications/MAMP/htdocs/carambar_03/protected/extensions/easyimage/drivers/Image.php:96)
Stack trace:
#0 /Applications/MAMP/htdocs/carambar_03/protected/extensions/easyimage/drivers/Image.php(53): Image_GD->__construct()
#1 /Applications/MAMP/htdocs/carambar_03/protected/extensions/easyimage/EasyImage.php(71): factory()
#2 /Applications/MAMP/htdocs/carambar_03/protected/models/NodeAR.php(391): EasyImage->__construct()
#3 /Applications/MAMP/htdocs/carambar_03/protected/models/NodeAR.php(468): NodeAR->makeImageThumbnail()
#4 /Applications/MAMP/htdocs/carambar_03/protected/controllers/UploadsController.php(40): NodeAR->makeVideoThumbnail()
#5 /Applications/MAMP/htdocs/carambar_03/yii/framework/web/CController.php(270): UploadsController->missingAction()
#6 /Applications/MAMP/htdocs/carambar_03/yii/framework/web/CWebApplication.php(282): UploadsController->run()
#7 /Applications/MAMP/htdocs/carambar_03/yii/framework/web/CWebApplication.php(141): CWebApplication->runController()
#8 /Applications/MAMP/htdocs/carambar_03/yii/framework/base/CApplication.php(180): CWebApplication->processRequest()
#9 /Applications/MAMP/htdocs/carambar_03/index.php(30): CWebApplication->run()
REQUEST_URI=/carambar_03//uploads/2014/3/16/video13_224_115.jpg?1395124609395
in /Applications/MAMP/htdocs/carambar_03/protected/extensions/easyimage/drivers/Image.php (96)
in /Applications/MAMP/htdocs/carambar_03/protected/extensions/easyimage/drivers/Image_GD.php (82)
in /Applications/MAMP/htdocs/carambar_03/protected/extensions/easyimage/drivers/Image.php (53)
