2014/03/01 03:52:38 [error] [system.db.CDbCommand] CDbCommand::execute() failed: SQLSTATE[23000]: Integrity constraint violation: 1062 Duplicate entry '0' for key 'PRIMARY'. The SQL statement executed was: INSERT INTO `oauth` (`media`, `username`, `token`) VALUES (:yp0, :yp1, :yp2).
in /Applications/MAMP/htdocs/carambar/api/protected/controllers/InstagramController.php (35)
in /Applications/MAMP/htdocs/carambar/api/index.php (22)
2014/03/01 03:52:38 [error] [exception.CDbException] exception 'CDbException' with message 'CDbCommand failed to execute the SQL statement: SQLSTATE[23000]: Integrity constraint violation: 1062 Duplicate entry '0' for key 'PRIMARY'. The SQL statement executed was: INSERT INTO `oauth` (`media`, `username`, `token`) VALUES (:yp0, :yp1, :yp2)' in /Applications/MAMP/htdocs/carambar/yii/framework/db/CDbCommand.php:358
Stack trace:
#0 /Applications/MAMP/htdocs/carambar/yii/framework/db/ar/CActiveRecord.php(1077): CDbCommand->execute()
#1 /Applications/MAMP/htdocs/carambar/yii/framework/db/ar/CActiveRecord.php(806): CActiveRecord->insert(NULL)
#2 /Applications/MAMP/htdocs/carambar/api/protected/controllers/InstagramController.php(35): CActiveRecord->save()
#3 /Applications/MAMP/htdocs/carambar/yii/framework/web/actions/CInlineAction.php(49): InstagramController->actionCallback()
#4 /Applications/MAMP/htdocs/carambar/yii/framework/web/CController.php(308): CInlineAction->runWithParams(Array)
#5 /Applications/MAMP/htdocs/carambar/yii/framework/web/CController.php(286): CController->runAction(Object(CInlineAction))
#6 /Applications/MAMP/htdocs/carambar/yii/framework/web/CController.php(265): CController->runActionWithFilters(Object(CInlineAction), Array)
#7 /Applications/MAMP/htdocs/carambar/yii/framework/web/CWebApplication.php(282): CController->run('callback')
#8 /Applications/MAMP/htdocs/carambar/yii/framework/web/CWebApplication.php(141): CWebApplication->runController('instagram/callb...')
#9 /Applications/MAMP/htdocs/carambar/yii/framework/base/CApplication.php(180): CWebApplication->processRequest()
#10 /Applications/MAMP/htdocs/carambar/api/index.php(22): CApplication->run()
#11 {main}
REQUEST_URI=/carambar/api/instagram/callback?code=7c8b5546ca644b89b243075b1d8f9a5a
HTTP_REFERER=http://lily.local/carambar/api/instagram/login
---
2014/03/01 03:55:58 [error] [php] Undefined property: stdClass::$user (/Applications/MAMP/htdocs/carambar/api/protected/controllers/InstagramController.php:37)
Stack trace:
#0 /Applications/MAMP/htdocs/carambar/yii/framework/web/CController.php(286): InstagramController->runAction()
#1 /Applications/MAMP/htdocs/carambar/yii/framework/web/CController.php(265): InstagramController->runActionWithFilters()
#2 /Applications/MAMP/htdocs/carambar/yii/framework/web/CWebApplication.php(282): InstagramController->run()
#3 /Applications/MAMP/htdocs/carambar/yii/framework/web/CWebApplication.php(141): CWebApplication->runController()
#4 /Applications/MAMP/htdocs/carambar/yii/framework/base/CApplication.php(180): CWebApplication->processRequest()
#5 /Applications/MAMP/htdocs/carambar/api/index.php(22): CWebApplication->run()
REQUEST_URI=/carambar/api/instagram/callback?code=7c8b5546ca644b89b243075b1d8f9a5a
in /Applications/MAMP/htdocs/carambar/api/protected/controllers/InstagramController.php (37)
in /Applications/MAMP/htdocs/carambar/api/index.php (22)
2014/03/01 06:32:53 [error] [php] Undefined index: oauth_token (/Applications/MAMP/htdocs/carambar/api/twitter_sdk/twitteroauth.php:80)
Stack trace:
#0 /Applications/MAMP/htdocs/carambar/yii/framework/web/CController.php(308): CInlineAction->runWithParams()
#1 /Applications/MAMP/htdocs/carambar/yii/framework/web/CController.php(286): TwitterController->runAction()
#2 /Applications/MAMP/htdocs/carambar/yii/framework/web/CController.php(265): TwitterController->runActionWithFilters()
#3 /Applications/MAMP/htdocs/carambar/yii/framework/web/CWebApplication.php(282): TwitterController->run()
#4 /Applications/MAMP/htdocs/carambar/yii/framework/web/CWebApplication.php(141): CWebApplication->runController()
#5 /Applications/MAMP/htdocs/carambar/yii/framework/base/CApplication.php(180): CWebApplication->processRequest()
#6 /Applications/MAMP/htdocs/carambar/api/index.php(27): CWebApplication->run()
REQUEST_URI=/carambar/api/twitter/login
in /Applications/MAMP/htdocs/carambar/api/twitter_sdk/twitteroauth.php (80)
in /Applications/MAMP/htdocs/carambar/api/protected/controllers/TwitterController.php (18)
in /Applications/MAMP/htdocs/carambar/api/index.php (27)
2014/03/01 06:33:13 [error] [php] Undefined index: oauth_token (/Applications/MAMP/htdocs/carambar/api/twitter_sdk/twitteroauth.php:80)
Stack trace:
#0 /Applications/MAMP/htdocs/carambar/yii/framework/web/CController.php(308): CInlineAction->runWithParams()
#1 /Applications/MAMP/htdocs/carambar/yii/framework/web/CController.php(286): TwitterController->runAction()
#2 /Applications/MAMP/htdocs/carambar/yii/framework/web/CController.php(265): TwitterController->runActionWithFilters()
#3 /Applications/MAMP/htdocs/carambar/yii/framework/web/CWebApplication.php(282): TwitterController->run()
#4 /Applications/MAMP/htdocs/carambar/yii/framework/web/CWebApplication.php(141): CWebApplication->runController()
#5 /Applications/MAMP/htdocs/carambar/yii/framework/base/CApplication.php(180): CWebApplication->processRequest()
#6 /Applications/MAMP/htdocs/carambar/api/index.php(27): CWebApplication->run()
REQUEST_URI=/carambar/api/twitter/login
in /Applications/MAMP/htdocs/carambar/api/twitter_sdk/twitteroauth.php (80)
in /Applications/MAMP/htdocs/carambar/api/protected/controllers/TwitterController.php (18)
in /Applications/MAMP/htdocs/carambar/api/index.php (27)
2014/03/01 06:35:44 [error] [php] Undefined index: oauth_token (/Applications/MAMP/htdocs/carambar/api/twitter_sdk/twitteroauth.php:114)
Stack trace:
#0 /Applications/MAMP/htdocs/carambar/yii/framework/web/CController.php(308): CInlineAction->runWithParams()
#1 /Applications/MAMP/htdocs/carambar/yii/framework/web/CController.php(286): TwitterController->runAction()
#2 /Applications/MAMP/htdocs/carambar/yii/framework/web/CController.php(265): TwitterController->runActionWithFilters()
#3 /Applications/MAMP/htdocs/carambar/yii/framework/web/CWebApplication.php(282): TwitterController->run()
#4 /Applications/MAMP/htdocs/carambar/yii/framework/web/CWebApplication.php(141): CWebApplication->runController()
#5 /Applications/MAMP/htdocs/carambar/yii/framework/base/CApplication.php(180): CWebApplication->processRequest()
#6 /Applications/MAMP/htdocs/carambar/api/index.php(27): CWebApplication->run()
REQUEST_URI=/carambar/api/twitter/callback?oauth_token=py4jYtvE62Uw7dOtH8vxK3QI8x7gh1ZZ93rxA&oauth_verifier=b5mfVvYSQQaxVQ1gGWSzj7TilCXMLddpyqlOFOHHI0
in /Applications/MAMP/htdocs/carambar/api/twitter_sdk/twitteroauth.php (114)
in /Applications/MAMP/htdocs/carambar/api/protected/controllers/TwitterController.php (30)
in /Applications/MAMP/htdocs/carambar/api/index.php (27)
2014/03/01 06:38:57 [error] [php] Undefined index: oauth_token (/Applications/MAMP/htdocs/carambar/api/twitter_sdk/twitteroauth.php:114)
Stack trace:
#0 /Applications/MAMP/htdocs/carambar/yii/framework/web/CController.php(308): CInlineAction->runWithParams()
#1 /Applications/MAMP/htdocs/carambar/yii/framework/web/CController.php(286): TwitterController->runAction()
#2 /Applications/MAMP/htdocs/carambar/yii/framework/web/CController.php(265): TwitterController->runActionWithFilters()
#3 /Applications/MAMP/htdocs/carambar/yii/framework/web/CWebApplication.php(282): TwitterController->run()
#4 /Applications/MAMP/htdocs/carambar/yii/framework/web/CWebApplication.php(141): CWebApplication->runController()
#5 /Applications/MAMP/htdocs/carambar/yii/framework/base/CApplication.php(180): CWebApplication->processRequest()
#6 /Applications/MAMP/htdocs/carambar/api/index.php(27): CWebApplication->run()
REQUEST_URI=/carambar/api/twitter/callback?oauth_token=py4jYtvE62Uw7dOtH8vxK3QI8x7gh1ZZ93rxA&oauth_verifier=b5mfVvYSQQaxVQ1gGWSzj7TilCXMLddpyqlOFOHHI0
in /Applications/MAMP/htdocs/carambar/api/twitter_sdk/twitteroauth.php (114)
in /Applications/MAMP/htdocs/carambar/api/protected/controllers/TwitterController.php (30)
in /Applications/MAMP/htdocs/carambar/api/index.php (27)
2014/03/01 06:39:03 [error] [php] Undefined index: oauth_token (/Applications/MAMP/htdocs/carambar/api/twitter_sdk/twitteroauth.php:114)
Stack trace:
#0 /Applications/MAMP/htdocs/carambar/yii/framework/web/CController.php(308): CInlineAction->runWithParams()
#1 /Applications/MAMP/htdocs/carambar/yii/framework/web/CController.php(286): TwitterController->runAction()
#2 /Applications/MAMP/htdocs/carambar/yii/framework/web/CController.php(265): TwitterController->runActionWithFilters()
#3 /Applications/MAMP/htdocs/carambar/yii/framework/web/CWebApplication.php(282): TwitterController->run()
#4 /Applications/MAMP/htdocs/carambar/yii/framework/web/CWebApplication.php(141): CWebApplication->runController()
#5 /Applications/MAMP/htdocs/carambar/yii/framework/base/CApplication.php(180): CWebApplication->processRequest()
#6 /Applications/MAMP/htdocs/carambar/api/index.php(27): CWebApplication->run()
REQUEST_URI=/carambar/api/twitter/callback?oauth_token=py4jYtvE62Uw7dOtH8vxK3QI8x7gh1ZZ93rxA&oauth_verifier=b5mfVvYSQQaxVQ1gGWSzj7TilCXMLddpyqlOFOHHI0
in /Applications/MAMP/htdocs/carambar/api/twitter_sdk/twitteroauth.php (114)
in /Applications/MAMP/htdocs/carambar/api/protected/controllers/TwitterController.php (30)
in /Applications/MAMP/htdocs/carambar/api/index.php (27)
2014/03/01 06:41:00 [error] [php] Undefined index: oauth_token (/Applications/MAMP/htdocs/carambar/api/twitter_sdk/twitteroauth.php:114)
Stack trace:
#0 /Applications/MAMP/htdocs/carambar/yii/framework/web/CController.php(308): CInlineAction->runWithParams()
#1 /Applications/MAMP/htdocs/carambar/yii/framework/web/CController.php(286): TwitterController->runAction()
#2 /Applications/MAMP/htdocs/carambar/yii/framework/web/CController.php(265): TwitterController->runActionWithFilters()
#3 /Applications/MAMP/htdocs/carambar/yii/framework/web/CWebApplication.php(282): TwitterController->run()
#4 /Applications/MAMP/htdocs/carambar/yii/framework/web/CWebApplication.php(141): CWebApplication->runController()
#5 /Applications/MAMP/htdocs/carambar/yii/framework/base/CApplication.php(180): CWebApplication->processRequest()
#6 /Applications/MAMP/htdocs/carambar/api/index.php(27): CWebApplication->run()
REQUEST_URI=/carambar/api/twitter/callback?oauth_token=py4jYtvE62Uw7dOtH8vxK3QI8x7gh1ZZ93rxA&oauth_verifier=b5mfVvYSQQaxVQ1gGWSzj7TilCXMLddpyqlOFOHHI0
in /Applications/MAMP/htdocs/carambar/api/twitter_sdk/twitteroauth.php (114)
in /Applications/MAMP/htdocs/carambar/api/protected/controllers/TwitterController.php (30)
in /Applications/MAMP/htdocs/carambar/api/index.php (27)
2014/03/01 06:41:12 [error] [php] Undefined index: oauth_token (/Applications/MAMP/htdocs/carambar/api/twitter_sdk/twitteroauth.php:114)
Stack trace:
#0 /Applications/MAMP/htdocs/carambar/yii/framework/web/CController.php(308): CInlineAction->runWithParams()
#1 /Applications/MAMP/htdocs/carambar/yii/framework/web/CController.php(286): TwitterController->runAction()
#2 /Applications/MAMP/htdocs/carambar/yii/framework/web/CController.php(265): TwitterController->runActionWithFilters()
#3 /Applications/MAMP/htdocs/carambar/yii/framework/web/CWebApplication.php(282): TwitterController->run()
#4 /Applications/MAMP/htdocs/carambar/yii/framework/web/CWebApplication.php(141): CWebApplication->runController()
#5 /Applications/MAMP/htdocs/carambar/yii/framework/base/CApplication.php(180): CWebApplication->processRequest()
#6 /Applications/MAMP/htdocs/carambar/api/index.php(27): CWebApplication->run()
REQUEST_URI=/carambar/api/twitter/callback?oauth_token=py4jYtvE62Uw7dOtH8vxK3QI8x7gh1ZZ93rxA&oauth_verifier=b5mfVvYSQQaxVQ1gGWSzj7TilCXMLddpyqlOFOHHI0
in /Applications/MAMP/htdocs/carambar/api/twitter_sdk/twitteroauth.php (114)
in /Applications/MAMP/htdocs/carambar/api/protected/controllers/TwitterController.php (30)
in /Applications/MAMP/htdocs/carambar/api/index.php (27)
2014/03/01 06:42:08 [error] [php] Undefined index: oauth_token (/Applications/MAMP/htdocs/carambar/api/twitter_sdk/twitteroauth.php:115)
Stack trace:
#0 /Applications/MAMP/htdocs/carambar/yii/framework/web/CController.php(308): CInlineAction->runWithParams()
#1 /Applications/MAMP/htdocs/carambar/yii/framework/web/CController.php(286): TwitterController->runAction()
#2 /Applications/MAMP/htdocs/carambar/yii/framework/web/CController.php(265): TwitterController->runActionWithFilters()
#3 /Applications/MAMP/htdocs/carambar/yii/framework/web/CWebApplication.php(282): TwitterController->run()
#4 /Applications/MAMP/htdocs/carambar/yii/framework/web/CWebApplication.php(141): CWebApplication->runController()
#5 /Applications/MAMP/htdocs/carambar/yii/framework/base/CApplication.php(180): CWebApplication->processRequest()
#6 /Applications/MAMP/htdocs/carambar/api/index.php(27): CWebApplication->run()
REQUEST_URI=/carambar/api/twitter/callback?oauth_token=py4jYtvE62Uw7dOtH8vxK3QI8x7gh1ZZ93rxA&oauth_verifier=b5mfVvYSQQaxVQ1gGWSzj7TilCXMLddpyqlOFOHHI0
in /Applications/MAMP/htdocs/carambar/api/twitter_sdk/twitteroauth.php (115)
in /Applications/MAMP/htdocs/carambar/api/protected/controllers/TwitterController.php (30)
in /Applications/MAMP/htdocs/carambar/api/index.php (27)
2014/03/01 06:43:01 [error] [php] Undefined index: oauth_token (/Applications/MAMP/htdocs/carambar/api/twitter_sdk/twitteroauth.php:115)
Stack trace:
#0 /Applications/MAMP/htdocs/carambar/yii/framework/web/CController.php(308): CInlineAction->runWithParams()
#1 /Applications/MAMP/htdocs/carambar/yii/framework/web/CController.php(286): TwitterController->runAction()
#2 /Applications/MAMP/htdocs/carambar/yii/framework/web/CController.php(265): TwitterController->runActionWithFilters()
#3 /Applications/MAMP/htdocs/carambar/yii/framework/web/CWebApplication.php(282): TwitterController->run()
#4 /Applications/MAMP/htdocs/carambar/yii/framework/web/CWebApplication.php(141): CWebApplication->runController()
#5 /Applications/MAMP/htdocs/carambar/yii/framework/base/CApplication.php(180): CWebApplication->processRequest()
#6 /Applications/MAMP/htdocs/carambar/api/index.php(27): CWebApplication->run()
REQUEST_URI=/carambar/api/twitter/callback?oauth_token=z37mwLcAyk0YT1it1i8PDIZNNH2cQZheIfSlwVdVZo&oauth_verifier=wgMiK06nyDuMh2ZhQO1J6FO1tI3f9QILsHOtwKkBw
in /Applications/MAMP/htdocs/carambar/api/twitter_sdk/twitteroauth.php (115)
in /Applications/MAMP/htdocs/carambar/api/protected/controllers/TwitterController.php (30)
in /Applications/MAMP/htdocs/carambar/api/index.php (27)
2014/03/01 06:48:10 [error] [php] Use of undefined constant CONSUMER_KEY - assumed 'CONSUMER_KEY' (/Applications/MAMP/htdocs/carambar/api/protected/controllers/TwitterController.php:29)
Stack trace:
#0 /Applications/MAMP/htdocs/carambar/yii/framework/web/CController.php(286): TwitterController->runAction()
#1 /Applications/MAMP/htdocs/carambar/yii/framework/web/CController.php(265): TwitterController->runActionWithFilters()
#2 /Applications/MAMP/htdocs/carambar/yii/framework/web/CWebApplication.php(282): TwitterController->run()
#3 /Applications/MAMP/htdocs/carambar/yii/framework/web/CWebApplication.php(141): CWebApplication->runController()
#4 /Applications/MAMP/htdocs/carambar/yii/framework/base/CApplication.php(180): CWebApplication->processRequest()
#5 /Applications/MAMP/htdocs/carambar/api/index.php(27): CWebApplication->run()
REQUEST_URI=/carambar/api/twitter/callback?oauth_token=5Otp8mthvkF5Fa5IUg3Xrm6PKGKtGVsVdDLk0HNI&oauth_verifier=CaEffFXqug6wyJfZInt3VCOQPMBSfLSg6Pzac4GQi94
in /Applications/MAMP/htdocs/carambar/api/protected/controllers/TwitterController.php (29)
in /Applications/MAMP/htdocs/carambar/api/index.php (27)
2014/03/01 06:48:46 [error] [php] Undefined index: oauth_token (/Applications/MAMP/htdocs/carambar/api/protected/controllers/TwitterController.php:29)
Stack trace:
#0 /Applications/MAMP/htdocs/carambar/yii/framework/web/CController.php(286): TwitterController->runAction()
#1 /Applications/MAMP/htdocs/carambar/yii/framework/web/CController.php(265): TwitterController->runActionWithFilters()
#2 /Applications/MAMP/htdocs/carambar/yii/framework/web/CWebApplication.php(282): TwitterController->run()
#3 /Applications/MAMP/htdocs/carambar/yii/framework/web/CWebApplication.php(141): CWebApplication->runController()
#4 /Applications/MAMP/htdocs/carambar/yii/framework/base/CApplication.php(180): CWebApplication->processRequest()
#5 /Applications/MAMP/htdocs/carambar/api/index.php(27): CWebApplication->run()
REQUEST_URI=/carambar/api/twitter/callback?oauth_token=5Otp8mthvkF5Fa5IUg3Xrm6PKGKtGVsVdDLk0HNI&oauth_verifier=CaEffFXqug6wyJfZInt3VCOQPMBSfLSg6Pzac4GQi94
in /Applications/MAMP/htdocs/carambar/api/protected/controllers/TwitterController.php (29)
in /Applications/MAMP/htdocs/carambar/api/index.php (27)
2014/03/01 06:49:37 [error] [php] Undefined index: oauth_token_secret (/Applications/MAMP/htdocs/carambar/api/protected/controllers/TwitterController.php:31)
Stack trace:
#0 /Applications/MAMP/htdocs/carambar/yii/framework/web/CController.php(286): TwitterController->runAction()
#1 /Applications/MAMP/htdocs/carambar/yii/framework/web/CController.php(265): TwitterController->runActionWithFilters()
#2 /Applications/MAMP/htdocs/carambar/yii/framework/web/CWebApplication.php(282): TwitterController->run()
#3 /Applications/MAMP/htdocs/carambar/yii/framework/web/CWebApplication.php(141): CWebApplication->runController()
#4 /Applications/MAMP/htdocs/carambar/yii/framework/base/CApplication.php(180): CWebApplication->processRequest()
#5 /Applications/MAMP/htdocs/carambar/api/index.php(27): CWebApplication->run()
REQUEST_URI=/carambar/api/twitter/callback?oauth_token=KDMBry4tFTq2FShkxWJbC76ua72FyEslXpbhj5apUAs&oauth_verifier=YXMxILR6WMSBzxtNzytQIamwo06Wc183DY150cU
in /Applications/MAMP/htdocs/carambar/api/protected/controllers/TwitterController.php (31)
in /Applications/MAMP/htdocs/carambar/api/index.php (27)
2014/03/01 06:51:51 [error] [php] Undefined index: oauth_token (/Applications/MAMP/htdocs/carambar/api/twitter_sdk/twitteroauth.php:115)
Stack trace:
#0 /Applications/MAMP/htdocs/carambar/yii/framework/web/CController.php(308): CInlineAction->runWithParams()
#1 /Applications/MAMP/htdocs/carambar/yii/framework/web/CController.php(286): TwitterController->runAction()
#2 /Applications/MAMP/htdocs/carambar/yii/framework/web/CController.php(265): TwitterController->runActionWithFilters()
#3 /Applications/MAMP/htdocs/carambar/yii/framework/web/CWebApplication.php(282): TwitterController->run()
#4 /Applications/MAMP/htdocs/carambar/yii/framework/web/CWebApplication.php(141): CWebApplication->runController()
#5 /Applications/MAMP/htdocs/carambar/yii/framework/base/CApplication.php(180): CWebApplication->processRequest()
#6 /Applications/MAMP/htdocs/carambar/api/index.php(27): CWebApplication->run()
REQUEST_URI=/carambar/api/twitter/callback?oauth_token=ivWDY1nxNInzVHHoNNV7visa3LKdbqX02YkPH70a8&oauth_verifier=ZOvGsaNMMfdx89AZ2OkyEtQrKmLemvSeSVg5UOuQclM
in /Applications/MAMP/htdocs/carambar/api/twitter_sdk/twitteroauth.php (115)
in /Applications/MAMP/htdocs/carambar/api/protected/controllers/TwitterController.php (32)
in /Applications/MAMP/htdocs/carambar/api/index.php (27)
2014/03/01 06:55:02 [error] [php] Undefined index: oauth_token (/Applications/MAMP/htdocs/carambar/api/protected/controllers/TwitterController.php:31)
Stack trace:
#0 /Applications/MAMP/htdocs/carambar/yii/framework/web/CController.php(286): TwitterController->runAction()
#1 /Applications/MAMP/htdocs/carambar/yii/framework/web/CController.php(265): TwitterController->runActionWithFilters()
#2 /Applications/MAMP/htdocs/carambar/yii/framework/web/CWebApplication.php(282): TwitterController->run()
#3 /Applications/MAMP/htdocs/carambar/yii/framework/web/CWebApplication.php(141): CWebApplication->runController()
#4 /Applications/MAMP/htdocs/carambar/yii/framework/base/CApplication.php(180): CWebApplication->processRequest()
#5 /Applications/MAMP/htdocs/carambar/api/index.php(27): CWebApplication->run()
REQUEST_URI=/carambar/api/twitter/callback?oauth_token=ivWDY1nxNInzVHHoNNV7visa3LKdbqX02YkPH70a8&oauth_verifier=ZOvGsaNMMfdx89AZ2OkyEtQrKmLemvSeSVg5UOuQclM
in /Applications/MAMP/htdocs/carambar/api/protected/controllers/TwitterController.php (31)
in /Applications/MAMP/htdocs/carambar/api/index.php (27)
2014/03/01 06:55:47 [error] [system.db.CDbCommand] CDbCommand::execute() failed: SQLSTATE[23000]: Integrity constraint violation: 1062 Duplicate entry '0' for key 'PRIMARY'. The SQL statement executed was: INSERT INTO `oauth` (`media`, `username`, `token`, `token_secret`) VALUES (:yp0, :yp1, :yp2, :yp3).
in /Applications/MAMP/htdocs/carambar/api/protected/controllers/TwitterController.php (44)
in /Applications/MAMP/htdocs/carambar/api/index.php (27)
2014/03/01 06:55:47 [error] [exception.CDbException] exception 'CDbException' with message 'CDbCommand failed to execute the SQL statement: SQLSTATE[23000]: Integrity constraint violation: 1062 Duplicate entry '0' for key 'PRIMARY'. The SQL statement executed was: INSERT INTO `oauth` (`media`, `username`, `token`, `token_secret`) VALUES (:yp0, :yp1, :yp2, :yp3)' in /Applications/MAMP/htdocs/carambar/yii/framework/db/CDbCommand.php:358
Stack trace:
#0 /Applications/MAMP/htdocs/carambar/yii/framework/db/ar/CActiveRecord.php(1077): CDbCommand->execute()
#1 /Applications/MAMP/htdocs/carambar/yii/framework/db/ar/CActiveRecord.php(806): CActiveRecord->insert(NULL)
#2 /Applications/MAMP/htdocs/carambar/api/protected/controllers/TwitterController.php(44): CActiveRecord->save()
#3 /Applications/MAMP/htdocs/carambar/yii/framework/web/actions/CInlineAction.php(49): TwitterController->actionCallback()
#4 /Applications/MAMP/htdocs/carambar/yii/framework/web/CController.php(308): CInlineAction->runWithParams(Array)
#5 /Applications/MAMP/htdocs/carambar/yii/framework/web/CController.php(286): CController->runAction(Object(CInlineAction))
#6 /Applications/MAMP/htdocs/carambar/yii/framework/web/CController.php(265): CController->runActionWithFilters(Object(CInlineAction), Array)
#7 /Applications/MAMP/htdocs/carambar/yii/framework/web/CWebApplication.php(282): CController->run('callback')
#8 /Applications/MAMP/htdocs/carambar/yii/framework/web/CWebApplication.php(141): CWebApplication->runController('twitter/callbac...')
#9 /Applications/MAMP/htdocs/carambar/yii/framework/base/CApplication.php(180): CWebApplication->processRequest()
#10 /Applications/MAMP/htdocs/carambar/api/index.php(27): CApplication->run()
#11 {main}
REQUEST_URI=/carambar/api/twitter/callback?oauth_token=s27LjAIOIhalxxRWQYndfnd2Svcpjp4Za82lMe6US7c&oauth_verifier=QscdyTvYyRNou8au68pTQ1Rr13LSULQdxEaSeVWE
---
2014/03/01 12:47:06 [error] [php] Use of undefined constant query - assumed 'query' (/Applications/MAMP/htdocs/carambar/api/protected/models/NodeAR.php:664)
Stack trace:
#0 /Applications/MAMP/htdocs/carambar/yii/framework/web/actions/CInlineAction.php(49): TwitterController->actionGetThumbnail()
#1 /Applications/MAMP/htdocs/carambar/yii/framework/web/CController.php(308): CInlineAction->runWithParams()
#2 /Applications/MAMP/htdocs/carambar/yii/framework/web/CController.php(286): TwitterController->runAction()
#3 /Applications/MAMP/htdocs/carambar/yii/framework/web/CController.php(265): TwitterController->runActionWithFilters()
#4 /Applications/MAMP/htdocs/carambar/yii/framework/web/CWebApplication.php(282): TwitterController->run()
#5 /Applications/MAMP/htdocs/carambar/yii/framework/web/CWebApplication.php(141): CWebApplication->runController()
#6 /Applications/MAMP/htdocs/carambar/yii/framework/base/CApplication.php(180): CWebApplication->processRequest()
#7 /Applications/MAMP/htdocs/carambar/api/index.php(27): CWebApplication->run()
REQUEST_URI=/carambar/api/twitter/GetThumbnail
in /Applications/MAMP/htdocs/carambar/api/protected/models/NodeAR.php (664)
in /Applications/MAMP/htdocs/carambar/api/protected/models/NodeAR.php (642)
in /Applications/MAMP/htdocs/carambar/api/protected/controllers/TwitterController.php (60)
2014/03/01 12:53:05 [error] [php] Undefined index: query (/Applications/MAMP/htdocs/carambar/api/protected/models/NodeAR.php:644)
Stack trace:
#0 /Applications/MAMP/htdocs/carambar/yii/framework/web/CController.php(308): CInlineAction->runWithParams()
#1 /Applications/MAMP/htdocs/carambar/yii/framework/web/CController.php(286): TwitterController->runAction()
#2 /Applications/MAMP/htdocs/carambar/yii/framework/web/CController.php(265): TwitterController->runActionWithFilters()
#3 /Applications/MAMP/htdocs/carambar/yii/framework/web/CWebApplication.php(282): TwitterController->run()
#4 /Applications/MAMP/htdocs/carambar/yii/framework/web/CWebApplication.php(141): CWebApplication->runController()
#5 /Applications/MAMP/htdocs/carambar/yii/framework/base/CApplication.php(180): CWebApplication->processRequest()
#6 /Applications/MAMP/htdocs/carambar/api/index.php(27): CWebApplication->run()
REQUEST_URI=/carambar/api/twitter/GetThumbnail
in /Applications/MAMP/htdocs/carambar/api/protected/models/NodeAR.php (644)
in /Applications/MAMP/htdocs/carambar/api/protected/controllers/TwitterController.php (60)
in /Applications/MAMP/htdocs/carambar/api/index.php (27)
2014/03/01 12:57:13 [error] [php] Trying to get property of non-object (/Applications/MAMP/htdocs/carambar/api/protected/controllers/TwitterController.php:50)
Stack trace:
#0 /Applications/MAMP/htdocs/carambar/yii/framework/web/CController.php(286): TwitterController->runAction()
#1 /Applications/MAMP/htdocs/carambar/yii/framework/web/CController.php(265): TwitterController->runActionWithFilters()
#2 /Applications/MAMP/htdocs/carambar/yii/framework/web/CWebApplication.php(282): TwitterController->run()
#3 /Applications/MAMP/htdocs/carambar/yii/framework/web/CWebApplication.php(141): CWebApplication->runController()
#4 /Applications/MAMP/htdocs/carambar/yii/framework/base/CApplication.php(180): CWebApplication->processRequest()
#5 /Applications/MAMP/htdocs/carambar/api/index.php(27): CWebApplication->run()
REQUEST_URI=/carambar/api/twitter/fetch
in /Applications/MAMP/htdocs/carambar/api/protected/controllers/TwitterController.php (50)
in /Applications/MAMP/htdocs/carambar/api/index.php (27)
2014/03/01 13:06:41 [error] [php] Undefined offset: 1 (/Applications/MAMP/htdocs/carambar/api/protected/models/NodeAR.php:681)
Stack trace:
#0 /Applications/MAMP/htdocs/carambar/yii/framework/web/actions/CInlineAction.php(49): TwitterController->actionFetch()
#1 /Applications/MAMP/htdocs/carambar/yii/framework/web/CController.php(308): CInlineAction->runWithParams()
#2 /Applications/MAMP/htdocs/carambar/yii/framework/web/CController.php(286): TwitterController->runAction()
#3 /Applications/MAMP/htdocs/carambar/yii/framework/web/CController.php(265): TwitterController->runActionWithFilters()
#4 /Applications/MAMP/htdocs/carambar/yii/framework/web/CWebApplication.php(282): TwitterController->run()
#5 /Applications/MAMP/htdocs/carambar/yii/framework/web/CWebApplication.php(141): CWebApplication->runController()
#6 /Applications/MAMP/htdocs/carambar/yii/framework/base/CApplication.php(180): CWebApplication->processRequest()
#7 /Applications/MAMP/htdocs/carambar/api/index.php(27): CWebApplication->run()
REQUEST_URI=/carambar/api/twitter/fetch
in /Applications/MAMP/htdocs/carambar/api/protected/models/NodeAR.php (681)
in /Applications/MAMP/htdocs/carambar/api/protected/models/NodeAR.php (642)
in /Applications/MAMP/htdocs/carambar/api/protected/controllers/TwitterController.php (53)
2014/03/01 13:07:42 [error] [php] Undefined index: query (/Applications/MAMP/htdocs/carambar/api/protected/models/NodeAR.php:676)
Stack trace:
#0 /Applications/MAMP/htdocs/carambar/yii/framework/web/actions/CInlineAction.php(49): TwitterController->actionFetch()
#1 /Applications/MAMP/htdocs/carambar/yii/framework/web/CController.php(308): CInlineAction->runWithParams()
#2 /Applications/MAMP/htdocs/carambar/yii/framework/web/CController.php(286): TwitterController->runAction()
#3 /Applications/MAMP/htdocs/carambar/yii/framework/web/CController.php(265): TwitterController->runActionWithFilters()
#4 /Applications/MAMP/htdocs/carambar/yii/framework/web/CWebApplication.php(282): TwitterController->run()
#5 /Applications/MAMP/htdocs/carambar/yii/framework/web/CWebApplication.php(141): CWebApplication->runController()
#6 /Applications/MAMP/htdocs/carambar/yii/framework/base/CApplication.php(180): CWebApplication->processRequest()
#7 /Applications/MAMP/htdocs/carambar/api/index.php(27): CWebApplication->run()
REQUEST_URI=/carambar/api/twitter/fetch
in /Applications/MAMP/htdocs/carambar/api/protected/models/NodeAR.php (676)
in /Applications/MAMP/htdocs/carambar/api/protected/models/NodeAR.php (642)
in /Applications/MAMP/htdocs/carambar/api/protected/controllers/TwitterController.php (53)
2014/03/01 13:11:05 [error] [php] Undefined index:  (/Applications/MAMP/htdocs/carambar/api/protected/models/NodeAR.php:684)
Stack trace:
#0 /Applications/MAMP/htdocs/carambar/yii/framework/web/actions/CInlineAction.php(49): TwitterController->actionFetch()
#1 /Applications/MAMP/htdocs/carambar/yii/framework/web/CController.php(308): CInlineAction->runWithParams()
#2 /Applications/MAMP/htdocs/carambar/yii/framework/web/CController.php(286): TwitterController->runAction()
#3 /Applications/MAMP/htdocs/carambar/yii/framework/web/CController.php(265): TwitterController->runActionWithFilters()
#4 /Applications/MAMP/htdocs/carambar/yii/framework/web/CWebApplication.php(282): TwitterController->run()
#5 /Applications/MAMP/htdocs/carambar/yii/framework/web/CWebApplication.php(141): CWebApplication->runController()
#6 /Applications/MAMP/htdocs/carambar/yii/framework/base/CApplication.php(180): CWebApplication->processRequest()
#7 /Applications/MAMP/htdocs/carambar/api/index.php(27): CWebApplication->run()
REQUEST_URI=/carambar/api/twitter/fetch
in /Applications/MAMP/htdocs/carambar/api/protected/models/NodeAR.php (684)
in /Applications/MAMP/htdocs/carambar/api/protected/models/NodeAR.php (642)
in /Applications/MAMP/htdocs/carambar/api/protected/controllers/TwitterController.php (53)
2014/03/01 13:18:02 [error] [php] Undefined index: oauth_token (/Applications/MAMP/htdocs/carambar/api/twitter_sdk/twitteroauth.php:114)
Stack trace:
#0 /Applications/MAMP/htdocs/carambar/yii/framework/web/CController.php(308): CInlineAction->runWithParams()
#1 /Applications/MAMP/htdocs/carambar/yii/framework/web/CController.php(286): TwitterController->runAction()
#2 /Applications/MAMP/htdocs/carambar/yii/framework/web/CController.php(265): TwitterController->runActionWithFilters()
#3 /Applications/MAMP/htdocs/carambar/yii/framework/web/CWebApplication.php(282): TwitterController->run()
#4 /Applications/MAMP/htdocs/carambar/yii/framework/web/CWebApplication.php(141): CWebApplication->runController()
#5 /Applications/MAMP/htdocs/carambar/yii/framework/base/CApplication.php(180): CWebApplication->processRequest()
#6 /Applications/MAMP/htdocs/carambar/api/index.php(27): CWebApplication->run()
REQUEST_URI=/carambar/api/twitter/callback?oauth_token=AnmXZZVqg3tC2izAkYVMgpnU0wMJKX9M4H4kdI0PASc&oauth_verifier=TwxNTm3HUmA4dPybB8YUU7iVLnUowXVTQ6jVx3g0NQ
in /Applications/MAMP/htdocs/carambar/api/twitter_sdk/twitteroauth.php (114)
in /Applications/MAMP/htdocs/carambar/api/protected/controllers/TwitterController.php (24)
in /Applications/MAMP/htdocs/carambar/api/index.php (27)
2014/03/01 13:18:05 [error] [php] Undefined index: oauth_token (/Applications/MAMP/htdocs/carambar/api/twitter_sdk/twitteroauth.php:114)
Stack trace:
#0 /Applications/MAMP/htdocs/carambar/yii/framework/web/CController.php(308): CInlineAction->runWithParams()
#1 /Applications/MAMP/htdocs/carambar/yii/framework/web/CController.php(286): TwitterController->runAction()
#2 /Applications/MAMP/htdocs/carambar/yii/framework/web/CController.php(265): TwitterController->runActionWithFilters()
#3 /Applications/MAMP/htdocs/carambar/yii/framework/web/CWebApplication.php(282): TwitterController->run()
#4 /Applications/MAMP/htdocs/carambar/yii/framework/web/CWebApplication.php(141): CWebApplication->runController()
#5 /Applications/MAMP/htdocs/carambar/yii/framework/base/CApplication.php(180): CWebApplication->processRequest()
#6 /Applications/MAMP/htdocs/carambar/api/index.php(27): CWebApplication->run()
REQUEST_URI=/carambar/api/twitter/callback?oauth_token=AnmXZZVqg3tC2izAkYVMgpnU0wMJKX9M4H4kdI0PASc&oauth_verifier=TwxNTm3HUmA4dPybB8YUU7iVLnUowXVTQ6jVx3g0NQ
in /Applications/MAMP/htdocs/carambar/api/twitter_sdk/twitteroauth.php (114)
in /Applications/MAMP/htdocs/carambar/api/protected/controllers/TwitterController.php (24)
in /Applications/MAMP/htdocs/carambar/api/index.php (27)
2014/03/01 13:32:24 [error] [php] preg_match() expects parameter 1 to be string, array given (/Applications/MAMP/htdocs/carambar/api/protected/models/NodeAR.php:609)
Stack trace:
#0 /Applications/MAMP/htdocs/carambar/yii/framework/web/actions/CInlineAction.php(49): TwitterController->actionFetch()
#1 /Applications/MAMP/htdocs/carambar/yii/framework/web/CController.php(308): CInlineAction->runWithParams()
#2 /Applications/MAMP/htdocs/carambar/yii/framework/web/CController.php(286): TwitterController->runAction()
#3 /Applications/MAMP/htdocs/carambar/yii/framework/web/CController.php(265): TwitterController->runActionWithFilters()
#4 /Applications/MAMP/htdocs/carambar/yii/framework/web/CWebApplication.php(282): TwitterController->run()
#5 /Applications/MAMP/htdocs/carambar/yii/framework/web/CWebApplication.php(141): CWebApplication->runController()
#6 /Applications/MAMP/htdocs/carambar/yii/framework/base/CApplication.php(180): CWebApplication->processRequest()
#7 /Applications/MAMP/htdocs/carambar/api/index.php(27): CWebApplication->run()
REQUEST_URI=/carambar/api/twitter/fetch
in /Applications/MAMP/htdocs/carambar/api/protected/models/NodeAR.php (609)
in /Applications/MAMP/htdocs/carambar/api/protected/controllers/TwitterController.php (51)
in /Applications/MAMP/htdocs/carambar/api/index.php (27)
2014/03/01 13:33:34 [error] [php] Undefined offset: 1 (/Applications/MAMP/htdocs/carambar/api/protected/models/NodeAR.php:660)
Stack trace:
#0 /Applications/MAMP/htdocs/carambar/yii/framework/web/CController.php(308): CInlineAction->runWithParams()
#1 /Applications/MAMP/htdocs/carambar/yii/framework/web/CController.php(286): TwitterController->runAction()
#2 /Applications/MAMP/htdocs/carambar/yii/framework/web/CController.php(265): TwitterController->runActionWithFilters()
#3 /Applications/MAMP/htdocs/carambar/yii/framework/web/CWebApplication.php(282): TwitterController->run()
#4 /Applications/MAMP/htdocs/carambar/yii/framework/web/CWebApplication.php(141): CWebApplication->runController()
#5 /Applications/MAMP/htdocs/carambar/yii/framework/base/CApplication.php(180): CWebApplication->processRequest()
#6 /Applications/MAMP/htdocs/carambar/api/index.php(27): CWebApplication->run()
REQUEST_URI=/carambar/api/twitter/fetch
in /Applications/MAMP/htdocs/carambar/api/protected/models/NodeAR.php (660)
in /Applications/MAMP/htdocs/carambar/api/protected/controllers/TwitterController.php (53)
in /Applications/MAMP/htdocs/carambar/api/index.php (27)
2014/03/01 13:33:58 [error] [php] Undefined offset: 1 (/Applications/MAMP/htdocs/carambar/api/protected/models/NodeAR.php:661)
Stack trace:
#0 /Applications/MAMP/htdocs/carambar/yii/framework/web/CController.php(308): CInlineAction->runWithParams()
#1 /Applications/MAMP/htdocs/carambar/yii/framework/web/CController.php(286): TwitterController->runAction()
#2 /Applications/MAMP/htdocs/carambar/yii/framework/web/CController.php(265): TwitterController->runActionWithFilters()
#3 /Applications/MAMP/htdocs/carambar/yii/framework/web/CWebApplication.php(282): TwitterController->run()
#4 /Applications/MAMP/htdocs/carambar/yii/framework/web/CWebApplication.php(141): CWebApplication->runController()
#5 /Applications/MAMP/htdocs/carambar/yii/framework/base/CApplication.php(180): CWebApplication->processRequest()
#6 /Applications/MAMP/htdocs/carambar/api/index.php(27): CWebApplication->run()
REQUEST_URI=/carambar/api/twitter/fetch
in /Applications/MAMP/htdocs/carambar/api/protected/models/NodeAR.php (661)
in /Applications/MAMP/htdocs/carambar/api/protected/controllers/TwitterController.php (53)
in /Applications/MAMP/htdocs/carambar/api/index.php (27)
2014/03/01 13:34:23 [error] [php] Undefined offset: 1 (/Applications/MAMP/htdocs/carambar/api/protected/models/NodeAR.php:662)
Stack trace:
#0 /Applications/MAMP/htdocs/carambar/yii/framework/web/CController.php(308): CInlineAction->runWithParams()
#1 /Applications/MAMP/htdocs/carambar/yii/framework/web/CController.php(286): TwitterController->runAction()
#2 /Applications/MAMP/htdocs/carambar/yii/framework/web/CController.php(265): TwitterController->runActionWithFilters()
#3 /Applications/MAMP/htdocs/carambar/yii/framework/web/CWebApplication.php(282): TwitterController->run()
#4 /Applications/MAMP/htdocs/carambar/yii/framework/web/CWebApplication.php(141): CWebApplication->runController()
#5 /Applications/MAMP/htdocs/carambar/yii/framework/base/CApplication.php(180): CWebApplication->processRequest()
#6 /Applications/MAMP/htdocs/carambar/api/index.php(27): CWebApplication->run()
REQUEST_URI=/carambar/api/twitter/fetch
in /Applications/MAMP/htdocs/carambar/api/protected/models/NodeAR.php (662)
in /Applications/MAMP/htdocs/carambar/api/protected/controllers/TwitterController.php (53)
in /Applications/MAMP/htdocs/carambar/api/index.php (27)
2014/03/01 15:39:18 [error] [php] file_get_contents(): Failed to enable crypto (/Applications/MAMP/htdocs/carambar/api/protected/models/NodeAR.php:678)
Stack trace:
#0 /Applications/MAMP/htdocs/carambar/yii/framework/web/actions/CInlineAction.php(49): TwitterController->actionFetch()
#1 /Applications/MAMP/htdocs/carambar/yii/framework/web/CController.php(308): CInlineAction->runWithParams()
#2 /Applications/MAMP/htdocs/carambar/yii/framework/web/CController.php(286): TwitterController->runAction()
#3 /Applications/MAMP/htdocs/carambar/yii/framework/web/CController.php(265): TwitterController->runActionWithFilters()
#4 /Applications/MAMP/htdocs/carambar/yii/framework/web/CWebApplication.php(282): TwitterController->run()
#5 /Applications/MAMP/htdocs/carambar/yii/framework/web/CWebApplication.php(141): CWebApplication->runController()
#6 /Applications/MAMP/htdocs/carambar/yii/framework/base/CApplication.php(180): CWebApplication->processRequest()
#7 /Applications/MAMP/htdocs/carambar/api/index.php(27): CWebApplication->run()
REQUEST_URI=/carambar/api/twitter/fetch
in /Applications/MAMP/htdocs/carambar/api/protected/models/NodeAR.php (678)
in /Applications/MAMP/htdocs/carambar/api/protected/controllers/TwitterController.php (53)
in /Applications/MAMP/htdocs/carambar/api/index.php (27)
2014/03/06 14:51:25 [error] [php] getimagesize(): Filename cannot be empty (/Applications/MAMP/htdocs/carambar_03/api/protected/extensions/easyimage/drivers/Image.php:96)
Stack trace:
#0 /Applications/MAMP/htdocs/carambar_03/api/protected/extensions/easyimage/drivers/Image.php(53): Image_GD->__construct()
#1 /Applications/MAMP/htdocs/carambar_03/api/protected/extensions/easyimage/EasyImage.php(71): factory()
#2 /Applications/MAMP/htdocs/carambar_03/api/protected/models/NodeAR.php(417): EasyImage->__construct()
#3 /Applications/MAMP/htdocs/carambar_03/api/protected/models/NodeAR.php(494): NodeAR->makeImageThumbnail()
#4 /Applications/MAMP/htdocs/carambar_03/api/protected/controllers/UploadsController.php(40): NodeAR->makeVideoThumbnail()
#5 /Applications/MAMP/htdocs/carambar_03/yii/framework/web/CController.php(270): UploadsController->missingAction()
#6 /Applications/MAMP/htdocs/carambar_03/yii/framework/web/CWebApplication.php(282): UploadsController->run()
#7 /Applications/MAMP/htdocs/carambar_03/yii/framework/web/CWebApplication.php(141): CWebApplication->runController()
#8 /Applications/MAMP/htdocs/carambar_03/yii/framework/base/CApplication.php(180): CWebApplication->processRequest()
#9 /Applications/MAMP/htdocs/carambar_03/api/index.php(27): CWebApplication->run()
REQUEST_URI=/carambar_03/api/uploads/2014/3/4/v298_250_250.jpg
in /Applications/MAMP/htdocs/carambar_03/api/protected/extensions/easyimage/drivers/Image.php (96)
in /Applications/MAMP/htdocs/carambar_03/api/protected/extensions/easyimage/drivers/Image_GD.php (82)
in /Applications/MAMP/htdocs/carambar_03/api/protected/extensions/easyimage/drivers/Image.php (53)
2014/03/06 14:51:25 [error] [php] getimagesize(): Filename cannot be empty (/Applications/MAMP/htdocs/carambar_03/api/protected/extensions/easyimage/drivers/Image.php:96)
Stack trace:
#0 /Applications/MAMP/htdocs/carambar_03/api/protected/extensions/easyimage/drivers/Image.php(53): Image_GD->__construct()
#1 /Applications/MAMP/htdocs/carambar_03/api/protected/extensions/easyimage/EasyImage.php(71): factory()
#2 /Applications/MAMP/htdocs/carambar_03/api/protected/models/NodeAR.php(417): EasyImage->__construct()
#3 /Applications/MAMP/htdocs/carambar_03/api/protected/models/NodeAR.php(494): NodeAR->makeImageThumbnail()
#4 /Applications/MAMP/htdocs/carambar_03/api/protected/controllers/UploadsController.php(40): NodeAR->makeVideoThumbnail()
#5 /Applications/MAMP/htdocs/carambar_03/yii/framework/web/CController.php(270): UploadsController->missingAction()
#6 /Applications/MAMP/htdocs/carambar_03/yii/framework/web/CWebApplication.php(282): UploadsController->run()
#7 /Applications/MAMP/htdocs/carambar_03/yii/framework/web/CWebApplication.php(141): CWebApplication->runController()
#8 /Applications/MAMP/htdocs/carambar_03/yii/framework/base/CApplication.php(180): CWebApplication->processRequest()
#9 /Applications/MAMP/htdocs/carambar_03/api/index.php(27): CWebApplication->run()
REQUEST_URI=/carambar_03/api/uploads/2014/3/4/v299_250_250.jpg
in /Applications/MAMP/htdocs/carambar_03/api/protected/extensions/easyimage/drivers/Image.php (96)
in /Applications/MAMP/htdocs/carambar_03/api/protected/extensions/easyimage/drivers/Image_GD.php (82)
in /Applications/MAMP/htdocs/carambar_03/api/protected/extensions/easyimage/drivers/Image.php (53)
2014/03/06 14:51:32 [error] [php] getimagesize(): Filename cannot be empty (/Applications/MAMP/htdocs/carambar_03/api/protected/extensions/easyimage/drivers/Image.php:96)
Stack trace:
#0 /Applications/MAMP/htdocs/carambar_03/api/protected/extensions/easyimage/drivers/Image.php(53): Image_GD->__construct()
#1 /Applications/MAMP/htdocs/carambar_03/api/protected/extensions/easyimage/EasyImage.php(71): factory()
#2 /Applications/MAMP/htdocs/carambar_03/api/protected/models/NodeAR.php(417): EasyImage->__construct()
#3 /Applications/MAMP/htdocs/carambar_03/api/protected/models/NodeAR.php(494): NodeAR->makeImageThumbnail()
#4 /Applications/MAMP/htdocs/carambar_03/api/protected/controllers/UploadsController.php(40): NodeAR->makeVideoThumbnail()
#5 /Applications/MAMP/htdocs/carambar_03/yii/framework/web/CController.php(270): UploadsController->missingAction()
#6 /Applications/MAMP/htdocs/carambar_03/yii/framework/web/CWebApplication.php(282): UploadsController->run()
#7 /Applications/MAMP/htdocs/carambar_03/yii/framework/web/CWebApplication.php(141): CWebApplication->runController()
#8 /Applications/MAMP/htdocs/carambar_03/yii/framework/base/CApplication.php(180): CWebApplication->processRequest()
#9 /Applications/MAMP/htdocs/carambar_03/api/index.php(27): CWebApplication->run()
REQUEST_URI=/carambar_03/api/uploads/v168_250_250.jpg
in /Applications/MAMP/htdocs/carambar_03/api/protected/extensions/easyimage/drivers/Image.php (96)
in /Applications/MAMP/htdocs/carambar_03/api/protected/extensions/easyimage/drivers/Image_GD.php (82)
in /Applications/MAMP/htdocs/carambar_03/api/protected/extensions/easyimage/drivers/Image.php (53)
2014/03/06 14:51:39 [error] [exception.CHttpException.404] exception 'CHttpException' with message 'The system is unable to find the requested action "index".' in /Applications/MAMP/htdocs/carambar_03/yii/framework/web/CController.php:483
Stack trace:
#0 /Applications/MAMP/htdocs/carambar_03/yii/framework/web/CController.php(270): CController->missingAction('')
#1 /Applications/MAMP/htdocs/carambar_03/yii/framework/web/CWebApplication.php(282): CController->run('')
#2 /Applications/MAMP/htdocs/carambar_03/yii/framework/web/CWebApplication.php(141): CWebApplication->runController('twitter')
#3 /Applications/MAMP/htdocs/carambar_03/yii/framework/base/CApplication.php(180): CWebApplication->processRequest()
#4 /Applications/MAMP/htdocs/carambar_03/api/index.php(27): CApplication->run()
#5 {main}
REQUEST_URI=/carambar_03/api/twitter/
---
2014/03/06 14:52:16 [error] [php] Undefined index: oauth_token (/Applications/MAMP/htdocs/carambar_03/api/twitter_sdk/twitteroauth.php:80)
Stack trace:
#0 /Applications/MAMP/htdocs/carambar_03/yii/framework/web/CController.php(308): CInlineAction->runWithParams()
#1 /Applications/MAMP/htdocs/carambar_03/yii/framework/web/CController.php(286): TwitterController->runAction()
#2 /Applications/MAMP/htdocs/carambar_03/yii/framework/web/CController.php(265): TwitterController->runActionWithFilters()
#3 /Applications/MAMP/htdocs/carambar_03/yii/framework/web/CWebApplication.php(282): TwitterController->run()
#4 /Applications/MAMP/htdocs/carambar_03/yii/framework/web/CWebApplication.php(141): CWebApplication->runController()
#5 /Applications/MAMP/htdocs/carambar_03/yii/framework/base/CApplication.php(180): CWebApplication->processRequest()
#6 /Applications/MAMP/htdocs/carambar_03/api/index.php(27): CWebApplication->run()
REQUEST_URI=/carambar_03/api/twitter/login
in /Applications/MAMP/htdocs/carambar_03/api/twitter_sdk/twitteroauth.php (80)
in /Applications/MAMP/htdocs/carambar_03/api/protected/controllers/TwitterController.php (11)
in /Applications/MAMP/htdocs/carambar_03/api/index.php (27)
2014/03/06 14:55:46 [error] [php] getimagesize(): Filename cannot be empty (/Applications/MAMP/htdocs/carambar_03/api/protected/extensions/easyimage/drivers/Image.php:96)
Stack trace:
#0 /Applications/MAMP/htdocs/carambar_03/api/protected/extensions/easyimage/drivers/Image.php(53): Image_GD->__construct()
#1 /Applications/MAMP/htdocs/carambar_03/api/protected/extensions/easyimage/EasyImage.php(71): factory()
#2 /Applications/MAMP/htdocs/carambar_03/api/protected/models/NodeAR.php(417): EasyImage->__construct()
#3 /Applications/MAMP/htdocs/carambar_03/api/protected/models/NodeAR.php(494): NodeAR->makeImageThumbnail()
#4 /Applications/MAMP/htdocs/carambar_03/api/protected/controllers/UploadsController.php(40): NodeAR->makeVideoThumbnail()
#5 /Applications/MAMP/htdocs/carambar_03/yii/framework/web/CController.php(270): UploadsController->missingAction()
#6 /Applications/MAMP/htdocs/carambar_03/yii/framework/web/CWebApplication.php(282): UploadsController->run()
#7 /Applications/MAMP/htdocs/carambar_03/yii/framework/web/CWebApplication.php(141): CWebApplication->runController()
#8 /Applications/MAMP/htdocs/carambar_03/yii/framework/base/CApplication.php(180): CWebApplication->processRequest()
#9 /Applications/MAMP/htdocs/carambar_03/api/index.php(27): CWebApplication->run()
REQUEST_URI=/carambar_03/api/uploads/2014/3/4/v299_250_250.jpg
in /Applications/MAMP/htdocs/carambar_03/api/protected/extensions/easyimage/drivers/Image.php (96)
in /Applications/MAMP/htdocs/carambar_03/api/protected/extensions/easyimage/drivers/Image_GD.php (82)
in /Applications/MAMP/htdocs/carambar_03/api/protected/extensions/easyimage/drivers/Image.php (53)
2014/03/06 14:55:46 [error] [php] getimagesize(): Filename cannot be empty (/Applications/MAMP/htdocs/carambar_03/api/protected/extensions/easyimage/drivers/Image.php:96)
Stack trace:
#0 /Applications/MAMP/htdocs/carambar_03/api/protected/extensions/easyimage/drivers/Image.php(53): Image_GD->__construct()
#1 /Applications/MAMP/htdocs/carambar_03/api/protected/extensions/easyimage/EasyImage.php(71): factory()
#2 /Applications/MAMP/htdocs/carambar_03/api/protected/models/NodeAR.php(417): EasyImage->__construct()
#3 /Applications/MAMP/htdocs/carambar_03/api/protected/models/NodeAR.php(494): NodeAR->makeImageThumbnail()
#4 /Applications/MAMP/htdocs/carambar_03/api/protected/controllers/UploadsController.php(40): NodeAR->makeVideoThumbnail()
#5 /Applications/MAMP/htdocs/carambar_03/yii/framework/web/CController.php(270): UploadsController->missingAction()
#6 /Applications/MAMP/htdocs/carambar_03/yii/framework/web/CWebApplication.php(282): UploadsController->run()
#7 /Applications/MAMP/htdocs/carambar_03/yii/framework/web/CWebApplication.php(141): CWebApplication->runController()
#8 /Applications/MAMP/htdocs/carambar_03/yii/framework/base/CApplication.php(180): CWebApplication->processRequest()
#9 /Applications/MAMP/htdocs/carambar_03/api/index.php(27): CWebApplication->run()
REQUEST_URI=/carambar_03/api/uploads/2014/3/4/v298_250_250.jpg
in /Applications/MAMP/htdocs/carambar_03/api/protected/extensions/easyimage/drivers/Image.php (96)
in /Applications/MAMP/htdocs/carambar_03/api/protected/extensions/easyimage/drivers/Image_GD.php (82)
in /Applications/MAMP/htdocs/carambar_03/api/protected/extensions/easyimage/drivers/Image.php (53)
2014/03/06 14:55:52 [error] [php] getimagesize(): Filename cannot be empty (/Applications/MAMP/htdocs/carambar_03/api/protected/extensions/easyimage/drivers/Image.php:96)
Stack trace:
#0 /Applications/MAMP/htdocs/carambar_03/api/protected/extensions/easyimage/drivers/Image.php(53): Image_GD->__construct()
#1 /Applications/MAMP/htdocs/carambar_03/api/protected/extensions/easyimage/EasyImage.php(71): factory()
#2 /Applications/MAMP/htdocs/carambar_03/api/protected/models/NodeAR.php(417): EasyImage->__construct()
#3 /Applications/MAMP/htdocs/carambar_03/api/protected/models/NodeAR.php(494): NodeAR->makeImageThumbnail()
#4 /Applications/MAMP/htdocs/carambar_03/api/protected/controllers/UploadsController.php(40): NodeAR->makeVideoThumbnail()
#5 /Applications/MAMP/htdocs/carambar_03/yii/framework/web/CController.php(270): UploadsController->missingAction()
#6 /Applications/MAMP/htdocs/carambar_03/yii/framework/web/CWebApplication.php(282): UploadsController->run()
#7 /Applications/MAMP/htdocs/carambar_03/yii/framework/web/CWebApplication.php(141): CWebApplication->runController()
#8 /Applications/MAMP/htdocs/carambar_03/yii/framework/base/CApplication.php(180): CWebApplication->processRequest()
#9 /Applications/MAMP/htdocs/carambar_03/api/index.php(27): CWebApplication->run()
REQUEST_URI=/carambar_03/api/uploads/2014/3/4/v299_250_250.jpg
in /Applications/MAMP/htdocs/carambar_03/api/protected/extensions/easyimage/drivers/Image.php (96)
in /Applications/MAMP/htdocs/carambar_03/api/protected/extensions/easyimage/drivers/Image_GD.php (82)
in /Applications/MAMP/htdocs/carambar_03/api/protected/extensions/easyimage/drivers/Image.php (53)
2014/03/06 14:55:52 [error] [php] getimagesize(): Filename cannot be empty (/Applications/MAMP/htdocs/carambar_03/api/protected/extensions/easyimage/drivers/Image.php:96)
Stack trace:
#0 /Applications/MAMP/htdocs/carambar_03/api/protected/extensions/easyimage/drivers/Image.php(53): Image_GD->__construct()
#1 /Applications/MAMP/htdocs/carambar_03/api/protected/extensions/easyimage/EasyImage.php(71): factory()
#2 /Applications/MAMP/htdocs/carambar_03/api/protected/models/NodeAR.php(417): EasyImage->__construct()
#3 /Applications/MAMP/htdocs/carambar_03/api/protected/models/NodeAR.php(494): NodeAR->makeImageThumbnail()
#4 /Applications/MAMP/htdocs/carambar_03/api/protected/controllers/UploadsController.php(40): NodeAR->makeVideoThumbnail()
#5 /Applications/MAMP/htdocs/carambar_03/yii/framework/web/CController.php(270): UploadsController->missingAction()
#6 /Applications/MAMP/htdocs/carambar_03/yii/framework/web/CWebApplication.php(282): UploadsController->run()
#7 /Applications/MAMP/htdocs/carambar_03/yii/framework/web/CWebApplication.php(141): CWebApplication->runController()
#8 /Applications/MAMP/htdocs/carambar_03/yii/framework/base/CApplication.php(180): CWebApplication->processRequest()
#9 /Applications/MAMP/htdocs/carambar_03/api/index.php(27): CWebApplication->run()
REQUEST_URI=/carambar_03/api/uploads/2014/3/4/v298_250_250.jpg
in /Applications/MAMP/htdocs/carambar_03/api/protected/extensions/easyimage/drivers/Image.php (96)
in /Applications/MAMP/htdocs/carambar_03/api/protected/extensions/easyimage/drivers/Image_GD.php (82)
in /Applications/MAMP/htdocs/carambar_03/api/protected/extensions/easyimage/drivers/Image.php (53)
2014/03/06 14:56:01 [error] [php] getimagesize(): Filename cannot be empty (/Applications/MAMP/htdocs/carambar_03/api/protected/extensions/easyimage/drivers/Image.php:96)
Stack trace:
#0 /Applications/MAMP/htdocs/carambar_03/api/protected/extensions/easyimage/drivers/Image.php(53): Image_GD->__construct()
#1 /Applications/MAMP/htdocs/carambar_03/api/protected/extensions/easyimage/EasyImage.php(71): factory()
#2 /Applications/MAMP/htdocs/carambar_03/api/protected/models/NodeAR.php(417): EasyImage->__construct()
#3 /Applications/MAMP/htdocs/carambar_03/api/protected/models/NodeAR.php(494): NodeAR->makeImageThumbnail()
#4 /Applications/MAMP/htdocs/carambar_03/api/protected/controllers/UploadsController.php(40): NodeAR->makeVideoThumbnail()
#5 /Applications/MAMP/htdocs/carambar_03/yii/framework/web/CController.php(270): UploadsController->missingAction()
#6 /Applications/MAMP/htdocs/carambar_03/yii/framework/web/CWebApplication.php(282): UploadsController->run()
#7 /Applications/MAMP/htdocs/carambar_03/yii/framework/web/CWebApplication.php(141): CWebApplication->runController()
#8 /Applications/MAMP/htdocs/carambar_03/yii/framework/base/CApplication.php(180): CWebApplication->processRequest()
#9 /Applications/MAMP/htdocs/carambar_03/api/index.php(27): CWebApplication->run()
REQUEST_URI=/carambar_03/api/uploads/v168_250_250.jpg
in /Applications/MAMP/htdocs/carambar_03/api/protected/extensions/easyimage/drivers/Image.php (96)
in /Applications/MAMP/htdocs/carambar_03/api/protected/extensions/easyimage/drivers/Image_GD.php (82)
in /Applications/MAMP/htdocs/carambar_03/api/protected/extensions/easyimage/drivers/Image.php (53)
2014/03/06 15:06:57 [error] [exception.CException] exception 'CException' with message 'Property "TwitterController.twitter" is not defined.' in /Applications/MAMP/htdocs/carambar_03/yii/framework/base/CComponent.php:130
Stack trace:
#0 /Applications/MAMP/htdocs/carambar_03/api/protected/controllers/TwitterController.php(14): CComponent->__get('twitter')
#1 /Applications/MAMP/htdocs/carambar_03/yii/framework/web/actions/CInlineAction.php(49): TwitterController->actionLogin()
#2 /Applications/MAMP/htdocs/carambar_03/yii/framework/web/CController.php(308): CInlineAction->runWithParams(Array)
#3 /Applications/MAMP/htdocs/carambar_03/yii/framework/web/CController.php(286): CController->runAction(Object(CInlineAction))
#4 /Applications/MAMP/htdocs/carambar_03/yii/framework/web/CController.php(265): CController->runActionWithFilters(Object(CInlineAction), Array)
#5 /Applications/MAMP/htdocs/carambar_03/yii/framework/web/CWebApplication.php(282): CController->run('login')
#6 /Applications/MAMP/htdocs/carambar_03/yii/framework/web/CWebApplication.php(141): CWebApplication->runController('twitter/login')
#7 /Applications/MAMP/htdocs/carambar_03/yii/framework/base/CApplication.php(180): CWebApplication->processRequest()
#8 /Applications/MAMP/htdocs/carambar_03/api/index.php(27): CApplication->run()
#9 {main}
REQUEST_URI=/carambar_03/api/twitter/login
---
2014/03/06 15:36:58 [error] [exception.CHttpException.404] exception 'CHttpException' with message 'Unable to resolve the request "login".' in /Applications/MAMP/htdocs/carambar_03/yii/framework/web/CWebApplication.php:286
Stack trace:
#0 /Applications/MAMP/htdocs/carambar_03/yii/framework/web/CWebApplication.php(141): CWebApplication->runController('login')
#1 /Applications/MAMP/htdocs/carambar_03/yii/framework/base/CApplication.php(180): CWebApplication->processRequest()
#2 /Applications/MAMP/htdocs/carambar_03/api/index.php(27): CApplication->run()
#3 {main}
REQUEST_URI=/carambar_03/api/login
---
2014/03/06 15:37:00 [error] [exception.CHttpException.404] exception 'CHttpException' with message 'Unable to resolve the request "login".' in /Applications/MAMP/htdocs/carambar_03/yii/framework/web/CWebApplication.php:286
Stack trace:
#0 /Applications/MAMP/htdocs/carambar_03/yii/framework/web/CWebApplication.php(141): CWebApplication->runController('login')
#1 /Applications/MAMP/htdocs/carambar_03/yii/framework/base/CApplication.php(180): CWebApplication->processRequest()
#2 /Applications/MAMP/htdocs/carambar_03/api/index.php(27): CApplication->run()
#3 {main}
REQUEST_URI=/carambar_03/api/login
---
2014/03/06 15:37:22 [error] [exception.CHttpException.404] exception 'CHttpException' with message 'Unable to resolve the request "login".' in /Applications/MAMP/htdocs/carambar_03/yii/framework/web/CWebApplication.php:286
Stack trace:
#0 /Applications/MAMP/htdocs/carambar_03/yii/framework/web/CWebApplication.php(141): CWebApplication->runController('login')
#1 /Applications/MAMP/htdocs/carambar_03/yii/framework/base/CApplication.php(180): CWebApplication->processRequest()
#2 /Applications/MAMP/htdocs/carambar_03/api/index.php(27): CApplication->run()
#3 {main}
REQUEST_URI=/carambar_03/api/login
---
2014/03/06 15:37:23 [error] [exception.CHttpException.404] exception 'CHttpException' with message 'Unable to resolve the request "login".' in /Applications/MAMP/htdocs/carambar_03/yii/framework/web/CWebApplication.php:286
Stack trace:
#0 /Applications/MAMP/htdocs/carambar_03/yii/framework/web/CWebApplication.php(141): CWebApplication->runController('login')
#1 /Applications/MAMP/htdocs/carambar_03/yii/framework/base/CApplication.php(180): CWebApplication->processRequest()
#2 /Applications/MAMP/htdocs/carambar_03/api/index.php(27): CApplication->run()
#3 {main}
REQUEST_URI=/carambar_03/api/login
---
2014/03/06 15:37:24 [error] [exception.CHttpException.404] exception 'CHttpException' with message 'Unable to resolve the request "login".' in /Applications/MAMP/htdocs/carambar_03/yii/framework/web/CWebApplication.php:286
Stack trace:
#0 /Applications/MAMP/htdocs/carambar_03/yii/framework/web/CWebApplication.php(141): CWebApplication->runController('login')
#1 /Applications/MAMP/htdocs/carambar_03/yii/framework/base/CApplication.php(180): CWebApplication->processRequest()
#2 /Applications/MAMP/htdocs/carambar_03/api/index.php(27): CApplication->run()
#3 {main}
REQUEST_URI=/carambar_03/api/login
---
2014/03/06 15:37:24 [error] [exception.CHttpException.404] exception 'CHttpException' with message 'Unable to resolve the request "login".' in /Applications/MAMP/htdocs/carambar_03/yii/framework/web/CWebApplication.php:286
Stack trace:
#0 /Applications/MAMP/htdocs/carambar_03/yii/framework/web/CWebApplication.php(141): CWebApplication->runController('login')
#1 /Applications/MAMP/htdocs/carambar_03/yii/framework/base/CApplication.php(180): CWebApplication->processRequest()
#2 /Applications/MAMP/htdocs/carambar_03/api/index.php(27): CApplication->run()
#3 {main}
REQUEST_URI=/carambar_03/api/login
---
2014/03/06 15:37:24 [error] [exception.CHttpException.404] exception 'CHttpException' with message 'Unable to resolve the request "login".' in /Applications/MAMP/htdocs/carambar_03/yii/framework/web/CWebApplication.php:286
Stack trace:
#0 /Applications/MAMP/htdocs/carambar_03/yii/framework/web/CWebApplication.php(141): CWebApplication->runController('login')
#1 /Applications/MAMP/htdocs/carambar_03/yii/framework/base/CApplication.php(180): CWebApplication->processRequest()
#2 /Applications/MAMP/htdocs/carambar_03/api/index.php(27): CApplication->run()
#3 {main}
REQUEST_URI=/carambar_03/api/login
---
2014/03/06 15:37:26 [error] [exception.CHttpException.404] exception 'CHttpException' with message 'Unable to resolve the request "login".' in /Applications/MAMP/htdocs/carambar_03/yii/framework/web/CWebApplication.php:286
Stack trace:
#0 /Applications/MAMP/htdocs/carambar_03/yii/framework/web/CWebApplication.php(141): CWebApplication->runController('login')
#1 /Applications/MAMP/htdocs/carambar_03/yii/framework/base/CApplication.php(180): CWebApplication->processRequest()
#2 /Applications/MAMP/htdocs/carambar_03/api/index.php(27): CApplication->run()
#3 {main}
REQUEST_URI=/carambar_03/api/login
---
2014/03/06 15:39:02 [error] [php] Undefined index: oauth_token (/Applications/MAMP/htdocs/carambar_03/api/twitter_sdk/twitteroauth.php:114)
Stack trace:
#0 /Applications/MAMP/htdocs/carambar_03/yii/framework/web/CController.php(308): CInlineAction->runWithParams()
#1 /Applications/MAMP/htdocs/carambar_03/yii/framework/web/CController.php(286): TwitterController->runAction()
#2 /Applications/MAMP/htdocs/carambar_03/yii/framework/web/CController.php(265): TwitterController->runActionWithFilters()
#3 /Applications/MAMP/htdocs/carambar_03/yii/framework/web/CWebApplication.php(282): TwitterController->run()
#4 /Applications/MAMP/htdocs/carambar_03/yii/framework/web/CWebApplication.php(141): CWebApplication->runController()
#5 /Applications/MAMP/htdocs/carambar_03/yii/framework/base/CApplication.php(180): CWebApplication->processRequest()
#6 /Applications/MAMP/htdocs/carambar_03/api/index.php(27): CWebApplication->run()
REQUEST_URI=/carambar_03/api/twitter/callback?oauth_token=GmUEHOQPxSN7hNvVAYqEhJCRHUCADnB2AVCmBQ4&oauth_verifier=4ccVYds5ycAtfz8Lq2QUBdDJ1Si1hRTpKVYmY4xTE
in /Applications/MAMP/htdocs/carambar_03/api/twitter_sdk/twitteroauth.php (114)
in /Applications/MAMP/htdocs/carambar_03/api/protected/controllers/TwitterController.php (24)
in /Applications/MAMP/htdocs/carambar_03/api/index.php (27)
2014/03/06 16:06:47 [error] [exception.CHttpException.404] exception 'CHttpException' with message 'Unable to resolve the request "facebook/login".' in /Applications/MAMP/htdocs/carambar_03/yii/framework/web/CWebApplication.php:286
Stack trace:
#0 /Applications/MAMP/htdocs/carambar_03/yii/framework/web/CWebApplication.php(141): CWebApplication->runController('facebook/login')
#1 /Applications/MAMP/htdocs/carambar_03/yii/framework/base/CApplication.php(180): CWebApplication->processRequest()
#2 /Applications/MAMP/htdocs/carambar_03/api/index.php(32): CApplication->run()
#3 {main}
REQUEST_URI=/carambar_03/api/facebook/login
---
2014/03/06 16:07:07 [error] [exception.CHttpException.404] exception 'CHttpException' with message 'Unable to resolve the request "facebook/login".' in /Applications/MAMP/htdocs/carambar_03/yii/framework/web/CWebApplication.php:286
Stack trace:
#0 /Applications/MAMP/htdocs/carambar_03/yii/framework/web/CWebApplication.php(141): CWebApplication->runController('facebook/login')
#1 /Applications/MAMP/htdocs/carambar_03/yii/framework/base/CApplication.php(180): CWebApplication->processRequest()
#2 /Applications/MAMP/htdocs/carambar_03/api/index.php(32): CApplication->run()
#3 {main}
REQUEST_URI=/carambar_03/api/facebook/login
---
2014/03/06 16:07:10 [error] [exception.CHttpException.404] exception 'CHttpException' with message 'Unable to resolve the request "facebook".' in /Applications/MAMP/htdocs/carambar_03/yii/framework/web/CWebApplication.php:286
Stack trace:
#0 /Applications/MAMP/htdocs/carambar_03/yii/framework/web/CWebApplication.php(141): CWebApplication->runController('facebook')
#1 /Applications/MAMP/htdocs/carambar_03/yii/framework/base/CApplication.php(180): CWebApplication->processRequest()
#2 /Applications/MAMP/htdocs/carambar_03/api/index.php(32): CApplication->run()
#3 {main}
REQUEST_URI=/carambar_03/api/facebook
---
2014/03/06 16:07:25 [error] [exception.CHttpException.404] exception 'CHttpException' with message 'The system is unable to find the requested action "index".' in /Applications/MAMP/htdocs/carambar_03/yii/framework/web/CController.php:483
Stack trace:
#0 /Applications/MAMP/htdocs/carambar_03/yii/framework/web/CController.php(270): CController->missingAction('')
#1 /Applications/MAMP/htdocs/carambar_03/yii/framework/web/CWebApplication.php(282): CController->run('')
#2 /Applications/MAMP/htdocs/carambar_03/yii/framework/web/CWebApplication.php(141): CWebApplication->runController('facebook')
#3 /Applications/MAMP/htdocs/carambar_03/yii/framework/base/CApplication.php(180): CWebApplication->processRequest()
#4 /Applications/MAMP/htdocs/carambar_03/api/index.php(32): CApplication->run()
#5 {main}
REQUEST_URI=/carambar_03/api/facebook
---
2014/03/06 16:19:23 [error] [php] getimagesize(): Filename cannot be empty (/Applications/MAMP/htdocs/carambar_03/api/protected/extensions/easyimage/drivers/Image.php:96)
Stack trace:
#0 /Applications/MAMP/htdocs/carambar_03/api/protected/extensions/easyimage/drivers/Image.php(53): Image_GD->__construct()
#1 /Applications/MAMP/htdocs/carambar_03/api/protected/extensions/easyimage/EasyImage.php(71): factory()
#2 /Applications/MAMP/htdocs/carambar_03/api/protected/models/NodeAR.php(417): EasyImage->__construct()
#3 /Applications/MAMP/htdocs/carambar_03/api/protected/models/NodeAR.php(494): NodeAR->makeImageThumbnail()
#4 /Applications/MAMP/htdocs/carambar_03/api/protected/controllers/UploadsController.php(40): NodeAR->makeVideoThumbnail()
#5 /Applications/MAMP/htdocs/carambar_03/yii/framework/web/CController.php(270): UploadsController->missingAction()
#6 /Applications/MAMP/htdocs/carambar_03/yii/framework/web/CWebApplication.php(282): UploadsController->run()
#7 /Applications/MAMP/htdocs/carambar_03/yii/framework/web/CWebApplication.php(141): CWebApplication->runController()
#8 /Applications/MAMP/htdocs/carambar_03/yii/framework/base/CApplication.php(180): CWebApplication->processRequest()
#9 /Applications/MAMP/htdocs/carambar_03/api/index.php(32): CWebApplication->run()
REQUEST_URI=/carambar_03/api/uploads/2014/3/4/v299_250_250.jpg
in /Applications/MAMP/htdocs/carambar_03/api/protected/extensions/easyimage/drivers/Image.php (96)
in /Applications/MAMP/htdocs/carambar_03/api/protected/extensions/easyimage/drivers/Image_GD.php (82)
in /Applications/MAMP/htdocs/carambar_03/api/protected/extensions/easyimage/drivers/Image.php (53)
2014/03/06 16:19:23 [error] [php] getimagesize(): Filename cannot be empty (/Applications/MAMP/htdocs/carambar_03/api/protected/extensions/easyimage/drivers/Image.php:96)
Stack trace:
#0 /Applications/MAMP/htdocs/carambar_03/api/protected/extensions/easyimage/drivers/Image.php(53): Image_GD->__construct()
#1 /Applications/MAMP/htdocs/carambar_03/api/protected/extensions/easyimage/EasyImage.php(71): factory()
#2 /Applications/MAMP/htdocs/carambar_03/api/protected/models/NodeAR.php(417): EasyImage->__construct()
#3 /Applications/MAMP/htdocs/carambar_03/api/protected/models/NodeAR.php(494): NodeAR->makeImageThumbnail()
#4 /Applications/MAMP/htdocs/carambar_03/api/protected/controllers/UploadsController.php(40): NodeAR->makeVideoThumbnail()
#5 /Applications/MAMP/htdocs/carambar_03/yii/framework/web/CController.php(270): UploadsController->missingAction()
#6 /Applications/MAMP/htdocs/carambar_03/yii/framework/web/CWebApplication.php(282): UploadsController->run()
#7 /Applications/MAMP/htdocs/carambar_03/yii/framework/web/CWebApplication.php(141): CWebApplication->runController()
#8 /Applications/MAMP/htdocs/carambar_03/yii/framework/base/CApplication.php(180): CWebApplication->processRequest()
#9 /Applications/MAMP/htdocs/carambar_03/api/index.php(32): CWebApplication->run()
REQUEST_URI=/carambar_03/api/uploads/2014/3/4/v298_250_250.jpg
in /Applications/MAMP/htdocs/carambar_03/api/protected/extensions/easyimage/drivers/Image.php (96)
in /Applications/MAMP/htdocs/carambar_03/api/protected/extensions/easyimage/drivers/Image_GD.php (82)
in /Applications/MAMP/htdocs/carambar_03/api/protected/extensions/easyimage/drivers/Image.php (53)
2014/03/06 16:33:17 [error] [exception.FacebookApiException] OAuthException: (#200) The user hasn't authorized the application to perform this action
REQUEST_URI=/carambar_03/api/facebook/post
---
2014/03/06 16:34:00 [error] [exception.FacebookApiException] OAuthException: (#200) The user hasn't authorized the application to perform this action
REQUEST_URI=/carambar_03/api/facebook/post
---
2014/03/06 16:34:30 [error] [exception.FacebookApiException] OAuthException: (#200) The user hasn't authorized the application to perform this action
REQUEST_URI=/carambar_03/api/facebook/post
---
2014/03/06 16:41:37 [error] [exception.FacebookApiException] OAuthException: (#200) The user hasn't authorized the application to perform this action
REQUEST_URI=/carambar_03/api/facebook/post
---
2014/03/06 17:12:11 [error] [exception.FacebookApiException] OAuthException: (#200) The user hasn't authorized the application to perform this action
REQUEST_URI=/carambar_03/api/facebook/post
---
2014/03/06 17:12:14 [error] [exception.FacebookApiException] OAuthException: (#200) The user hasn't authorized the application to perform this action
REQUEST_URI=/carambar_03/api/facebook/post
---
2014/03/06 17:12:18 [error] [exception.FacebookApiException] OAuthException: (#200) The user hasn't authorized the application to perform this action
REQUEST_URI=/carambar_03/api/facebook/post
---
2014/03/06 17:12:30 [error] [php] getimagesize(): Filename cannot be empty (/Applications/MAMP/htdocs/carambar_03/api/protected/extensions/easyimage/drivers/Image.php:96)
Stack trace:
#0 /Applications/MAMP/htdocs/carambar_03/api/protected/extensions/easyimage/drivers/Image.php(53): Image_GD->__construct()
#1 /Applications/MAMP/htdocs/carambar_03/api/protected/extensions/easyimage/EasyImage.php(71): factory()
#2 /Applications/MAMP/htdocs/carambar_03/api/protected/models/NodeAR.php(417): EasyImage->__construct()
#3 /Applications/MAMP/htdocs/carambar_03/api/protected/models/NodeAR.php(494): NodeAR->makeImageThumbnail()
#4 /Applications/MAMP/htdocs/carambar_03/api/protected/controllers/UploadsController.php(40): NodeAR->makeVideoThumbnail()
#5 /Applications/MAMP/htdocs/carambar_03/yii/framework/web/CController.php(270): UploadsController->missingAction()
#6 /Applications/MAMP/htdocs/carambar_03/yii/framework/web/CWebApplication.php(282): UploadsController->run()
#7 /Applications/MAMP/htdocs/carambar_03/yii/framework/web/CWebApplication.php(141): CWebApplication->runController()
#8 /Applications/MAMP/htdocs/carambar_03/yii/framework/base/CApplication.php(180): CWebApplication->processRequest()
#9 /Applications/MAMP/htdocs/carambar_03/api/index.php(32): CWebApplication->run()
REQUEST_URI=/carambar_03/api/uploads/2014/3/4/v298_250_250.jpg
in /Applications/MAMP/htdocs/carambar_03/api/protected/extensions/easyimage/drivers/Image.php (96)
in /Applications/MAMP/htdocs/carambar_03/api/protected/extensions/easyimage/drivers/Image_GD.php (82)
in /Applications/MAMP/htdocs/carambar_03/api/protected/extensions/easyimage/drivers/Image.php (53)
2014/03/06 17:12:30 [error] [php] getimagesize(): Filename cannot be empty (/Applications/MAMP/htdocs/carambar_03/api/protected/extensions/easyimage/drivers/Image.php:96)
Stack trace:
#0 /Applications/MAMP/htdocs/carambar_03/api/protected/extensions/easyimage/drivers/Image.php(53): Image_GD->__construct()
#1 /Applications/MAMP/htdocs/carambar_03/api/protected/extensions/easyimage/EasyImage.php(71): factory()
#2 /Applications/MAMP/htdocs/carambar_03/api/protected/models/NodeAR.php(417): EasyImage->__construct()
#3 /Applications/MAMP/htdocs/carambar_03/api/protected/models/NodeAR.php(494): NodeAR->makeImageThumbnail()
#4 /Applications/MAMP/htdocs/carambar_03/api/protected/controllers/UploadsController.php(40): NodeAR->makeVideoThumbnail()
#5 /Applications/MAMP/htdocs/carambar_03/yii/framework/web/CController.php(270): UploadsController->missingAction()
#6 /Applications/MAMP/htdocs/carambar_03/yii/framework/web/CWebApplication.php(282): UploadsController->run()
#7 /Applications/MAMP/htdocs/carambar_03/yii/framework/web/CWebApplication.php(141): CWebApplication->runController()
#8 /Applications/MAMP/htdocs/carambar_03/yii/framework/base/CApplication.php(180): CWebApplication->processRequest()
#9 /Applications/MAMP/htdocs/carambar_03/api/index.php(32): CWebApplication->run()
REQUEST_URI=/carambar_03/api/uploads/2014/3/4/v299_250_250.jpg
in /Applications/MAMP/htdocs/carambar_03/api/protected/extensions/easyimage/drivers/Image.php (96)
in /Applications/MAMP/htdocs/carambar_03/api/protected/extensions/easyimage/drivers/Image_GD.php (82)
in /Applications/MAMP/htdocs/carambar_03/api/protected/extensions/easyimage/drivers/Image.php (53)
2014/03/06 17:12:37 [error] [exception.FacebookApiException] OAuthException: (#200) The user hasn't authorized the application to perform this action
REQUEST_URI=/carambar_03/api/facebook/post
---
2014/03/06 17:12:49 [error] [exception.FacebookApiException] OAuthException: (#200) The user hasn't authorized the application to perform this action
REQUEST_URI=/carambar_03/api/facebook/post
---
2014/03/06 17:12:52 [error] [exception.FacebookApiException] OAuthException: (#200) The user hasn't authorized the application to perform this action
REQUEST_URI=/carambar_03/api/facebook/post
---
2014/03/06 17:13:02 [error] [exception.FacebookApiException] OAuthException: (#200) The user hasn't authorized the application to perform this action
REQUEST_URI=/carambar_03/api/facebook/post
---
